Determining if the pthread_create exist failed with the following output:
Change Dir: /home/maytus/internship_main/py2_amr/build/CMakeFiles/CMakeTmp

Run Build Command:"/usr/bin/make" "cmTC_2f311/fast"
/usr/bin/make -f CMakeFiles/cmTC_2f311.dir/build.make CMakeFiles/cmTC_2f311.dir/build
make[1]: Entering directory '/home/maytus/internship_main/py2_amr/build/CMakeFiles/CMakeTmp'
Building C object CMakeFiles/cmTC_2f311.dir/CheckSymbolExists.c.o
/usr/bin/cc    -o CMakeFiles/cmTC_2f311.dir/CheckSymbolExists.c.o   -c /home/maytus/internship_main/py2_amr/build/CMakeFiles/CMakeTmp/CheckSymbolExists.c
Linking C executable cmTC_2f311
/usr/bin/cmake -E cmake_link_script CMakeFiles/cmTC_2f311.dir/link.txt --verbose=1
/usr/bin/cc      -rdynamic CMakeFiles/cmTC_2f311.dir/CheckSymbolExists.c.o  -o cmTC_2f311 
CMakeFiles/cmTC_2f311.dir/CheckSymbolExists.c.o: In function `main':
CheckSymbolExists.c:(.text+0x1b): undefined reference to `pthread_create'
collect2: error: ld returned 1 exit status
CMakeFiles/cmTC_2f311.dir/build.make:97: recipe for target 'cmTC_2f311' failed
make[1]: *** [cmTC_2f311] Error 1
make[1]: Leaving directory '/home/maytus/internship_main/py2_amr/build/CMakeFiles/CMakeTmp'
Makefile:126: recipe for target 'cmTC_2f311/fast' failed
make: *** [cmTC_2f311/fast] Error 2

File /home/maytus/internship_main/py2_amr/build/CMakeFiles/CMakeTmp/CheckSymbolExists.c:
/* */
#include <pthread.h>

int main(int argc, char** argv)
{
  (void)argv;
#ifndef pthread_create
  return ((int*)(&pthread_create))[argc];
#else
  (void)argc;
  return 0;
#endif
}

Determining if the function pthread_create exists in the pthreads failed with the following output:
Change Dir: /home/maytus/internship_main/py2_amr/build/CMakeFiles/CMakeTmp

Run Build Command:"/usr/bin/make" "cmTC_461ab/fast"
/usr/bin/make -f CMakeFiles/cmTC_461ab.dir/build.make CMakeFiles/cmTC_461ab.dir/build
make[1]: Entering directory '/home/maytus/internship_main/py2_amr/build/CMakeFiles/CMakeTmp'
Building C object CMakeFiles/cmTC_461ab.dir/CheckFunctionExists.c.o
/usr/bin/cc   -DCHECK_FUNCTION_EXISTS=pthread_create   -o CMakeFiles/cmTC_461ab.dir/CheckFunctionExists.c.o   -c /usr/share/cmake-3.10/Modules/CheckFunctionExists.c
Linking C executable cmTC_461ab
/usr/bin/cmake -E cmake_link_script CMakeFiles/cmTC_461ab.dir/link.txt --verbose=1
/usr/bin/cc  -DCHECK_FUNCTION_EXISTS=pthread_create    -rdynamic CMakeFiles/cmTC_461ab.dir/CheckFunctionExists.c.o  -o cmTC_461ab -lpthreads 
/usr/bin/ld: cannot find -lpthreads
collect2: error: ld returned 1 exit status
CMakeFiles/cmTC_461ab.dir/build.make:97: recipe for target 'cmTC_461ab' failed
make[1]: *** [cmTC_461ab] Error 1
make[1]: Leaving directory '/home/maytus/internship_main/py2_amr/build/CMakeFiles/CMakeTmp'
Makefile:126: recipe for target 'cmTC_461ab/fast' failed
make: *** [cmTC_461ab/fast] Error 2


